[1010/112722.854:ERROR:directory_reader_win.cc(43)] FindFirstFile: The system cannot find the path specified. (0x3)
[1011/120801.873:ERROR:directory_reader_win.cc(43)] FindFirstFile: The system cannot find the path specified. (0x3)
[1011/175038.859:ERROR:directory_reader_win.cc(43)] FindFirstFile: The system cannot find the path specified. (0x3)
[1012/121512.845:ERROR:directory_reader_win.cc(43)] FindFirstFile: The system cannot find the path specified. (0x3)
[1023/112218.868:ERROR:directory_reader_win.cc(43)] FindFirstFile: The system cannot find the path specified. (0x3)
[1024/101456.630:ERROR:directory_reader_win.cc(43)] FindFirstFile: The system cannot find the path specified. (0x3)
[1024/121518.609:ERROR:directory_reader_win.cc(43)] FindFirstFile: The system cannot find the path specified. (0x3)
[1026/193106.333:ERROR:directory_reader_win.cc(43)] FindFirstFile: The system cannot find the path specified. (0x3)
[1029/165521.925:ERROR:directory_reader_win.cc(43)] FindFirstFile: The system cannot find the path specified. (0x3)
[1106/163026.416:ERROR:directory_reader_win.cc(43)] FindFirstFile: The system cannot find the path specified. (0x3)
[1106/173617.576:ERROR:filesystem_win.cc(129)] GetFileAttributes C:\Users\sony\AppData\Local\Google\Chrome\User Data\Crashpad\attachments\79fb21e9-78f7-4b75-847f-77e6a17801f1: The system cannot find the path specified. (0x3)
[1106/173617.423:ERROR:scoped_process_suspend.cc(40)] NtResumeProcess: An attempt was made to access an exiting process. (0xc000010a)
[1106/181154.739:ERROR:process_memory_win.cc(73)] ReadMemory at 0x153d064fdd0 of 72 bytes failed: Only part of a ReadProcessMemory or WriteProcessMemory request was completed. (0x12B)
[1106/181156.245:WARNING:pe_image_annotations_reader.cc(135)] could not read annotations list object in C:\Program Files (x86)\Google\Chrome\Application\86.0.4240.183\chrome_elf.dll
[1106/181156.245:ERROR:process_memory_win.cc(73)] ReadMemory at 0x153d0697ab0 of 72 bytes failed: Only part of a ReadProcessMemory or WriteProcessMemory request was completed. (0x12B)
[1106/181156.245:WARNING:pe_image_annotations_reader.cc(135)] could not read annotations list object in C:\Program Files (x86)\Google\Chrome\Application\86.0.4240.183\chrome.dll
[1106/181156.253:ERROR:process_memory_win.cc(73)] ReadMemory at 0x153d0610000 of 64 bytes failed: Only part of a ReadProcessMemory or WriteProcessMemory request was completed. (0x12B)
[1106/181156.253:WARNING:pe_image_reader.cc(340)] could not read dos header from C:\Windows\System32\NSI.dll
[1106/181156.597:ERROR:process_memory_win.cc(73)] ReadMemory at 0x153d064fdd0 of 72 bytes failed: Only part of a ReadProcessMemory or WriteProcessMemory request was completed. (0x12B)
[1106/181156.597:WARNING:pe_image_annotations_reader.cc(135)] could not read annotations list object in C:\Program Files (x86)\Google\Chrome\Application\86.0.4240.183\chrome_elf.dll
[1106/181156.597:ERROR:process_memory_win.cc(73)] ReadMemory at 0x153d0697ab0 of 72 bytes failed: Only part of a ReadProcessMemory or WriteProcessMemory request was completed. (0x12B)
[1106/181156.597:WARNING:pe_image_annotations_reader.cc(135)] could not read annotations list object in C:\Program Files (x86)\Google\Chrome\Application\86.0.4240.183\chrome.dll
[1106/181156.597:ERROR:process_memory_win.cc(73)] ReadMemory at 0x153d0610000 of 64 bytes failed: Only part of a ReadProcessMemory or WriteProcessMemory request was completed. (0x12B)
[1106/181156.597:WARNING:pe_image_reader.cc(340)] could not read dos header from C:\Windows\System32\NSI.dll
[1106/181156.597:ERROR:process_memory_win.cc(73)] ReadMemory at 0x153d064fdd0 of 72 bytes failed: Only part of a ReadProcessMemory or WriteProcessMemory request was completed. (0x12B)
[1106/181156.597:WARNING:pe_image_annotations_reader.cc(135)] could not read annotations list object in C:\Program Files (x86)\Google\Chrome\Application\86.0.4240.183\chrome_elf.dll
[1106/181156.605:ERROR:process_memory_win.cc(73)] ReadMemory at 0x153d0697ab0 of 72 bytes failed: Only part of a ReadProcessMemory or WriteProcessMemory request was completed. (0x12B)
[1106/181157.325:WARNING:pe_image_annotations_reader.cc(135)] could not read annotations list object in C:\Program Files (x86)\Google\Chrome\Application\86.0.4240.183\chrome.dll
[1106/181157.333:ERROR:process_memory_win.cc(73)] ReadMemory at 0x153d0610000 of 64 bytes failed: Only part of a ReadProcessMemory or WriteProcessMemory request was completed. (0x12B)
[1106/181157.333:WARNING:pe_image_reader.cc(340)] could not read dos header from C:\Windows\System32\NSI.dll
[1106/181157.821:ERROR:process_memory_win.cc(73)] ReadMemory at 0x46b91d4000 of 180224 bytes failed: Only part of a ReadProcessMemory or WriteProcessMemory request was completed. (0x12B)
[1106/181157.821:ERROR:process_memory_win.cc(73)] ReadMemory at 0x46b99fe000 of 8192 bytes failed: Only part of a ReadProcessMemory or WriteProcessMemory request was completed. (0x12B)
[1106/181157.821:ERROR:process_memory_win.cc(73)] ReadMemory at 0x46ba9fe000 of 8192 bytes failed: Only part of a ReadProcessMemory or WriteProcessMemory request was completed. (0x12B)
[1106/181157.821:ERROR:process_memory_win.cc(73)] ReadMemory at 0x46bb1fb000 of 20480 bytes failed: Only part of a ReadProcessMemory or WriteProcessMemory request was completed. (0x12B)
[1106/181157.821:ERROR:process_memory_win.cc(73)] ReadMemory at 0x46bb9fe000 of 8192 bytes failed: Only part of a ReadProcessMemory or WriteProcessMemory request was completed. (0x12B)
[1106/181157.893:ERROR:process_memory_win.cc(73)] ReadMemory at 0x46bc9fe000 of 8192 bytes failed: Only part of a ReadProcessMemory or WriteProcessMemory request was completed. (0x12B)
[1106/181157.893:ERROR:process_memory_win.cc(73)] ReadMemory at 0x46bd1fc000 of 16384 bytes failed: Only part of a ReadProcessMemory or WriteProcessMemory request was completed. (0x12B)
[1106/181157.893:ERROR:process_memory_win.cc(73)] ReadMemory at 0x46be1fc000 of 16384 bytes failed: Only part of a ReadProcessMemory or WriteProcessMemory request was completed. (0x12B)
[1106/181157.893:ERROR:process_memory_win.cc(73)] ReadMemory at 0x46be9fa000 of 24576 bytes failed: Only part of a ReadProcessMemory or WriteProcessMemory request was completed. (0x12B)
[1106/181157.893:ERROR:process_memory_win.cc(73)] ReadMemory at 0x46bf1fa000 of 24576 bytes failed: Only part of a ReadProcessMemory or WriteProcessMemory request was completed. (0x12B)
[1106/181157.893:ERROR:process_memory_win.cc(73)] ReadMemory at 0x46bf9fb000 of 20480 bytes failed: Only part of a ReadProcessMemory or WriteProcessMemory request was completed. (0x12B)
[1106/181157.893:ERROR:process_memory_win.cc(73)] ReadMemory at 0x46c29fe000 of 8192 bytes failed: Only part of a ReadProcessMemory or WriteProcessMemory request was completed. (0x12B)
[1106/181157.893:ERROR:process_memory_win.cc(73)] ReadMemory at 0x46ba1fc000 of 16384 bytes failed: Only part of a ReadProcessMemory or WriteProcessMemory request was completed. (0x12B)
[1106/181157.893:ERROR:process_memory_win.cc(73)] ReadMemory at 0x46bc1fe000 of 8192 bytes failed: Only part of a ReadProcessMemory or WriteProcessMemory request was completed. (0x12B)
[1106/181157.893:ERROR:process_memory_win.cc(73)] ReadMemory at 0x46bd9ff000 of 4096 bytes failed: Only part of a ReadProcessMemory or WriteProcessMemory request was completed. (0x12B)
[1106/181157.893:ERROR:process_memory_win.cc(73)] ReadMemory at 0x46b883f000 of 852 bytes failed: Only part of a ReadProcessMemory or WriteProcessMemory request was completed. (0x12B)
[1106/181157.893:ERROR:process_memory_win.cc(73)] ReadMemory at 0x46b8840000 of 6024 bytes failed: Only part of a ReadProcessMemory or WriteProcessMemory request was completed. (0x12B)
[1106/181157.893:ERROR:process_memory_win.cc(73)] ReadMemory at 0x46b8842000 of 6024 bytes failed: Only part of a ReadProcessMemory or WriteProcessMemory request was completed. (0x12B)
[1106/181157.893:ERROR:process_memory_win.cc(73)] ReadMemory at 0x46b8846000 of 6024 bytes failed: Only part of a ReadProcessMemory or WriteProcessMemory request was completed. (0x12B)
[1106/181157.893:ERROR:process_memory_win.cc(73)] ReadMemory at 0x46b8848000 of 6024 bytes failed: Only part of a ReadProcessMemory or WriteProcessMemory request was completed. (0x12B)
[1106/181157.893:ERROR:process_memory_win.cc(73)] ReadMemory at 0x46b884a000 of 6024 bytes failed: Only part of a ReadProcessMemory or WriteProcessMemory request was completed. (0x12B)
[1106/181157.893:ERROR:process_memory_win.cc(73)] ReadMemory at 0x46b884e000 of 6024 bytes failed: Only part of a ReadProcessMemory or WriteProcessMemory request was completed. (0x12B)
[1106/181157.893:ERROR:process_memory_win.cc(73)] ReadMemory at 0x46b8850000 of 6024 bytes failed: Only part of a ReadProcessMemory or WriteProcessMemory request was completed. (0x12B)
[1106/181157.893:ERROR:process_memory_win.cc(73)] ReadMemory at 0x46b8854000 of 6024 bytes failed: Only part of a ReadProcessMemory or WriteProcessMemory request was completed. (0x12B)
[1106/181157.893:ERROR:process_memory_win.cc(73)] ReadMemory at 0x46b8856000 of 6024 bytes failed: Only part of a ReadProcessMemory or WriteProcessMemory request was completed. (0x12B)
[1106/181157.893:ERROR:process_memory_win.cc(73)] ReadMemory at 0x46b8858000 of 6024 bytes failed: Only part of a ReadProcessMemory or WriteProcessMemory request was completed. (0x12B)
[1106/181157.893:ERROR:process_memory_win.cc(73)] ReadMemory at 0x46b885a000 of 6024 bytes failed: Only part of a ReadProcessMemory or WriteProcessMemory request was completed. (0x12B)
[1106/181157.901:ERROR:process_memory_win.cc(73)] ReadMemory at 0x46b886a000 of 6024 bytes failed: Only part of a ReadProcessMemory or WriteProcessMemory request was completed. (0x12B)
[1106/181157.901:ERROR:process_memory_win.cc(73)] ReadMemory at 0x46b8872000 of 6024 bytes failed: Only part of a ReadProcessMemory or WriteProcessMemory request was completed. (0x12B)
[1106/181157.901:ERROR:process_memory_win.cc(73)] ReadMemory at 0x46b8876000 of 6024 bytes failed: Only part of a ReadProcessMemory or WriteProcessMemory request was completed. (0x12B)
[1106/181157.901:ERROR:process_memory_win.cc(73)] ReadMemory at 0x46b8878000 of 6024 bytes failed: Only part of a ReadProcessMemory or WriteProcessMemory request was completed. (0x12B)
[1106/181157.901:ERROR:process_memory_win.cc(73)] ReadMemory at 0x153d0640fe0 of 17800 bytes failed: Only part of a ReadProcessMemory or WriteProcessMemory request was completed. (0x12B)
[1106/181157.901:ERROR:process_memory_win.cc(73)] ReadMemory at 0x153d0645570 of 1012 bytes failed: Only part of a ReadProcessMemory or WriteProcessMemory request was completed. (0x12B)
[1106/181157.901:ERROR:process_memory_win.cc(73)] ReadMemory at 0x153d0645b98 of 118 bytes failed: Only part of a ReadProcessMemory or WriteProcessMemory request was completed. (0x12B)
[1106/181157.901:ERROR:process_memory_win.cc(73)] ReadMemory at 0x153d0645c10 of 812 bytes failed: Only part of a ReadProcessMemory or WriteProcessMemory request was completed. (0x12B)
[1106/181157.901:ERROR:process_memory_win.cc(73)] ReadMemory at 0x153d0645f3e of 118 bytes failed: Only part of a ReadProcessMemory or WriteProcessMemory request was completed. (0x12B)
[1106/181157.901:ERROR:process_memory_win.cc(73)] ReadMemory at 0x153d0645fb6 of 102 bytes failed: Only part of a ReadProcessMemory or WriteProcessMemory request was completed. (0x12B)
[1106/181157.901:ERROR:process_memory_win.cc(73)] ReadMemory at 0x153d0646030 of 58 bytes failed: Only part of a ReadProcessMemory or WriteProcessMemory request was completed. (0x12B)
[1106/181157.901:ERROR:process_memory_win.cc(73)] ReadMemory at 0x153d0646130 of 132 bytes failed: Only part of a ReadProcessMemory or WriteProcessMemory request was completed. (0x12B)
[1106/181157.901:ERROR:process_memory_win.cc(73)] ReadMemory at 0x153d06462c0 of 132 bytes failed: Only part of a ReadProcessMemory or WriteProcessMemory request was completed. (0x12B)
[1106/181157.901:ERROR:process_memory_win.cc(73)] ReadMemory at 0x153d0646480 of 126 bytes failed: Only part of a ReadProcessMemory or WriteProcessMemory request was completed. (0x12B)
[1106/181157.901:ERROR:process_memory_win.cc(73)] ReadMemory at 0x153d0646980 of 132 bytes failed: Only part of a ReadProcessMemory or WriteProcessMemory request was completed. (0x12B)
[1106/181157.901:ERROR:process_memory_win.cc(73)] ReadMemory at 0x153d0646b10 of 64 bytes failed: Only part of a ReadProcessMemory or WriteProcessMemory request was completed. (0x12B)
[1106/181157.901:ERROR:process_memory_win.cc(73)] ReadMemory at 0x153d0646cd0 of 132 bytes failed: Only part of a ReadProcessMemory or WriteProcessMemory request was completed. (0x12B)
[1106/181157.901:ERROR:process_memory_win.cc(73)] ReadMemory at 0x153d0646f70 of 132 bytes failed: Only part of a ReadProcessMemory or WriteProcessMemory request was completed. (0x12B)
[1106/181157.901:ERROR:process_memory_win.cc(73)] ReadMemory at 0x153d0647100 of 68 bytes failed: Only part of a ReadProcessMemory or WriteProcessMemory request was completed. (0x12B)
[1106/181157.901:ERROR:process_memory_win.cc(73)] ReadMemory at 0x153d06480d0 of 132 bytes failed: Only part of a ReadProcessMemory or WriteProcessMemory request was completed. (0x12B)
[1106/181157.901:ERROR:process_memory_win.cc(73)] ReadMemory at 0x153d0648260 of 154 bytes failed: Only part of a ReadProcessMemory or WriteProcessMemory request was completed. (0x12B)
[1106/181157.901:ERROR:process_memory_win.cc(73)] ReadMemory at 0x153d0648f60 of 62 bytes failed: Only part of a ReadProcessMemory or WriteProcessMemory request was completed. (0x12B)
[1106/181157.901:ERROR:process_memory_win.cc(73)] ReadMemory at 0x153d06490c0 of 132 bytes failed: Only part of a ReadProcessMemory or WriteProcessMemory request was completed. (0x12B)
[1106/181157.901:ERROR:process_memory_win.cc(73)] ReadMemory at 0x153d0649250 of 60 bytes failed: Only part of a ReadProcessMemory or WriteProcessMemory request was completed. (0x12B)
[1106/181157.901:ERROR:process_memory_win.cc(73)] ReadMemory at 0x153d0658ac0 of 60 bytes failed: Only part of a ReadProcessMemory or WriteProcessMemory request was completed. (0x12B)
[1106/181157.901:ERROR:process_memory_win.cc(73)] ReadMemory at 0x153d0658bb0 of 62 bytes failed: Only part of a ReadProcessMemory or WriteProcessMemory request was completed. (0x12B)
[1106/181157.901:ERROR:process_memory_win.cc(73)] ReadMemory at 0x153d065bd20 of 80 bytes failed: Only part of a ReadProcessMemory or WriteProcessMemory request was completed. (0x12B)
[1106/181157.901:ERROR:process_memory_win.cc(73)] ReadMemory at 0x153d065d180 of 132 bytes failed: Only part of a ReadProcessMemory or WriteProcessMemory request was completed. (0x12B)
[1106/181157.901:ERROR:process_memory_win.cc(73)] ReadMemory at 0x153d065d3b0 of 132 bytes failed: Only part of a ReadProcessMemory or WriteProcessMemory request was completed. (0x12B)
[1106/181157.901:ERROR:process_memory_win.cc(73)] ReadMemory at 0x153d065dd60 of 132 bytes failed: Only part of a ReadProcessMemory or WriteProcessMemory request was completed. (0x12B)
[1106/181157.901:ERROR:process_memory_win.cc(73)] ReadMemory at 0x153d065de90 of 132 bytes failed: Only part of a ReadProcessMemory or WriteProcessMemory request was completed. (0x12B)
[1106/181157.901:ERROR:process_memory_win.cc(73)] ReadMemory at 0x153d065dfc0 of 132 bytes failed: Only part of a ReadProcessMemory or WriteProcessMemory request was completed. (0x12B)
[1106/181157.901:ERROR:process_memory_win.cc(73)] ReadMemory at 0x153d065e0f0 of 132 bytes failed: Only part of a ReadProcessMemory or WriteProcessMemory request was completed. (0x12B)
[1106/181157.901:ERROR:process_memory_win.cc(73)] ReadMemory at 0x153d065e220 of 132 bytes failed: Only part of a ReadProcessMemory or WriteProcessMemory request was completed. (0x12B)
[1106/181157.901:ERROR:process_memory_win.cc(73)] ReadMemory at 0x153d065e350 of 132 bytes failed: Only part of a ReadProcessMemory or WriteProcessMemory request was completed. (0x12B)
[1106/181157.901:ERROR:process_memory_win.cc(73)] ReadMemory at 0x153d065e5b0 of 132 bytes failed: Only part of a ReadProcessMemory or WriteProcessMemory request was completed. (0x12B)
[1106/181157.901:ERROR:process_memory_win.cc(73)] ReadMemory at 0x153d065e6e0 of 132 bytes failed: Only part of a ReadProcessMemory or WriteProcessMemory request was completed. (0x12B)
[1106/181157.901:ERROR:process_memory_win.cc(73)] ReadMemory at 0x153d065e810 of 132 bytes failed: Only part of a ReadProcessMemory or WriteProcessMemory request was completed. (0x12B)
[1106/181157.909:ERROR:process_memory_win.cc(73)] ReadMemory at 0x153d065e940 of 132 bytes failed: Only part of a ReadProcessMemory or WriteProcessMemory request was completed. (0x12B)
[1106/181157.909:ERROR:process_memory_win.cc(73)] ReadMemory at 0x153d065ea70 of 132 bytes failed: Only part of a ReadProcessMemory or WriteProcessMemory request was completed. (0x12B)
[1106/181157.909:ERROR:process_memory_win.cc(73)] ReadMemory at 0x153d065eba0 of 132 bytes failed: Only part of a ReadProcessMemory or WriteProcessMemory request was completed. (0x12B)
[1106/181157.909:ERROR:process_memory_win.cc(73)] ReadMemory at 0x153d0660310 of 132 bytes failed: Only part of a ReadProcessMemory or WriteProcessMemory request was completed. (0x12B)
[1106/181157.909:ERROR:process_memory_win.cc(73)] ReadMemory at 0x153d0660b20 of 54 bytes failed: Only part of a ReadProcessMemory or WriteProcessMemory request was completed. (0x12B)
[1106/181157.909:ERROR:process_memory_win.cc(73)] ReadMemory at 0x153d06610f0 of 132 bytes failed: Only part of a ReadProcessMemory or WriteProcessMemory request was completed. (0x12B)
[1106/181157.909:ERROR:process_memory_win.cc(73)] ReadMemory at 0x153d0664370 of 132 bytes failed: Only part of a ReadProcessMemory or WriteProcessMemory request was completed. (0x12B)
[1106/181157.909:ERROR:process_memory_win.cc(73)] ReadMemory at 0x153d0664c40 of 146 bytes failed: Only part of a ReadProcessMemory or WriteProcessMemory request was completed. (0x12B)
[1106/181157.909:ERROR:process_memory_win.cc(73)] ReadMemory at 0x153d0665f30 of 132 bytes failed: Only part of a ReadProcessMemory or WriteProcessMemory request was completed. (0x12B)
[1106/181157.909:ERROR:process_memory_win.cc(73)] ReadMemory at 0x153d0666150 of 132 bytes failed: Only part of a ReadProcessMemory or WriteProcessMemory request was completed. (0x12B)
[1106/181157.909:ERROR:process_memory_win.cc(73)] ReadMemory at 0x153d06665b0 of 132 bytes failed: Only part of a ReadProcessMemory or WriteProcessMemory request was completed. (0x12B)
[1106/181157.909:ERROR:process_memory_win.cc(73)] ReadMemory at 0x153d0666750 of 64 bytes failed: Only part of a ReadProcessMemory or WriteProcessMemory request was completed. (0x12B)
[1106/181157.909:ERROR:process_memory_win.cc(73)] ReadMemory at 0x153d06667a0 of 60 bytes failed: Only part of a ReadProcessMemory or WriteProcessMemory request was completed. (0x12B)
[1106/181157.909:ERROR:process_memory_win.cc(73)] ReadMemory at 0x153d06667f0 of 64 bytes failed: Only part of a ReadProcessMemory or WriteProcessMemory request was completed. (0x12B)
[1106/181157.909:ERROR:process_memory_win.cc(73)] ReadMemory at 0x153d0666930 of 64 bytes failed: Only part of a ReadProcessMemory or WriteProcessMemory request was completed. (0x12B)
[1106/181157.909:ERROR:process_memory_win.cc(73)] ReadMemory at 0x153d0666980 of 64 bytes failed: Only part of a ReadProcessMemory or WriteProcessMemory request was completed. (0x12B)
[1106/181157.909:ERROR:process_memory_win.cc(73)] ReadMemory at 0x153d0666a20 of 64 bytes failed: Only part of a ReadProcessMemory or WriteProcessMemory request was completed. (0x12B)
[1106/181157.909:ERROR:process_memory_win.cc(73)] ReadMemory at 0x153d0666a70 of 62 bytes failed: Only part of a ReadProcessMemory or WriteProcessMemory request was completed. (0x12B)
[1106/181157.909:ERROR:process_memory_win.cc(73)] ReadMemory at 0x153d0666ac0 of 68 bytes failed: Only part of a ReadProcessMemory or WriteProcessMemory request was completed. (0x12B)
[1106/181157.909:ERROR:process_memory_win.cc(73)] ReadMemory at 0x153d0666b10 of 64 bytes failed: Only part of a ReadProcessMemory or WriteProcessMemory request was completed. (0x12B)
[1106/181157.909:ERROR:process_memory_win.cc(73)] ReadMemory at 0x153d0666b60 of 62 bytes failed: Only part of a ReadProcessMemory or WriteProcessMemory request was completed. (0x12B)
[1106/181157.909:ERROR:process_memory_win.cc(73)] ReadMemory at 0x153d0666de0 of 60 bytes failed: Only part of a ReadProcessMemory or WriteProcessMemory request was completed. (0x12B)
[1106/181157.909:ERROR:process_memory_win.cc(73)] ReadMemory at 0x153d0666e30 of 62 bytes failed: Only part of a ReadProcessMemory or WriteProcessMemory request was completed. (0x12B)
[1106/181157.909:ERROR:process_memory_win.cc(73)] ReadMemory at 0x153d0666ed0 of 58 bytes failed: Only part of a ReadProcessMemory or WriteProcessMemory request was completed. (0x12B)
[1106/181157.909:ERROR:process_memory_win.cc(73)] ReadMemory at 0x153d0666f20 of 66 bytes failed: Only part of a ReadProcessMemory or WriteProcessMemory request was completed. (0x12B)
[1106/181157.909:ERROR:process_memory_win.cc(73)] ReadMemory at 0x153d0666f70 of 62 bytes failed: Only part of a ReadProcessMemory or WriteProcessMemory request was completed. (0x12B)
[1106/181157.909:ERROR:process_memory_win.cc(73)] ReadMemory at 0x153d0667010 of 64 bytes failed: Only part of a ReadProcessMemory or WriteProcessMemory request was completed. (0x12B)
[1106/181157.909:ERROR:process_memory_win.cc(73)] ReadMemory at 0x153d0667100 of 60 bytes failed: Only part of a ReadProcessMemory or WriteProcessMemory request was completed. (0x12B)
[1106/181157.909:ERROR:process_memory_win.cc(73)] ReadMemory at 0x153d06671a0 of 64 bytes failed: Only part of a ReadProcessMemory or WriteProcessMemory request was completed. (0x12B)
[1106/181157.909:ERROR:process_memory_win.cc(73)] ReadMemory at 0x153d0667240 of 60 bytes failed: Only part of a ReadProcessMemory or WriteProcessMemory request was completed. (0x12B)
[1106/181157.909:ERROR:process_memory_win.cc(73)] ReadMemory at 0x153d0667290 of 62 bytes failed: Only part of a ReadProcessMemory or WriteProcessMemory request was completed. (0x12B)
[1106/181157.909:ERROR:process_memory_win.cc(73)] ReadMemory at 0x153d0667330 of 62 bytes failed: Only part of a ReadProcessMemory or WriteProcessMemory request was completed. (0x12B)
[1106/181157.909:ERROR:process_memory_win.cc(73)] ReadMemory at 0x153d0667380 of 62 bytes failed: Only part of a ReadProcessMemory or WriteProcessMemory request was completed. (0x12B)
[1106/181157.909:ERROR:process_memory_win.cc(73)] ReadMemory at 0x153d0667470 of 62 bytes failed: Only part of a ReadProcessMemory or WriteProcessMemory request was completed. (0x12B)
[1106/181157.909:ERROR:process_memory_win.cc(73)] ReadMemory at 0x153d0667510 of 62 bytes failed: Only part of a ReadProcessMemory or WriteProcessMemory request was completed. (0x12B)
[1106/181157.909:ERROR:process_memory_win.cc(73)] ReadMemory at 0x153d0667600 of 60 bytes failed: Only part of a ReadProcessMemory or WriteProcessMemory request was completed. (0x12B)
[1106/181157.909:ERROR:process_memory_win.cc(73)] ReadMemory at 0x153d06676a0 of 66 bytes failed: Only part of a ReadProcessMemory or WriteProcessMemory request was completed. (0x12B)
[1106/181157.909:ERROR:process_memory_win.cc(73)] ReadMemory at 0x153d0668c50 of 132 bytes failed: Only part of a ReadProcessMemory or WriteProcessMemory request was completed. (0x12B)
[1106/181157.909:ERROR:process_memory_win.cc(73)] ReadMemory at 0x153d066cbe0 of 132 bytes failed: Only part of a ReadProcessMemory or WriteProcessMemory request was completed. (0x12B)
[1106/181157.909:ERROR:process_memory_win.cc(73)] ReadMemory at 0x153d066d0e0 of 80 bytes failed: Only part of a ReadProcessMemory or WriteProcessMemory request was completed. (0x12B)
[1106/181157.909:ERROR:process_memory_win.cc(73)] ReadMemory at 0x153d066d200 of 76 bytes failed: Only part of a ReadProcessMemory or WriteProcessMemory request was completed. (0x12B)
[1106/181157.909:ERROR:process_memory_win.cc(73)] ReadMemory at 0x153d066e290 of 132 bytes failed: Only part of a ReadProcessMemory or WriteProcessMemory request was completed. (0x12B)
[1106/181157.909:ERROR:process_memory_win.cc(73)] ReadMemory at 0x153d066e750 of 132 bytes failed: Only part of a ReadProcessMemory or WriteProcessMemory request was completed. (0x12B)
[1106/181157.909:ERROR:process_memory_win.cc(73)] ReadMemory at 0x153d066e880 of 132 bytes failed: Only part of a ReadProcessMemory or WriteProcessMemory request was completed. (0x12B)
[1106/181157.909:ERROR:process_memory_win.cc(73)] ReadMemory at 0x153d066e9b0 of 132 bytes failed: Only part of a ReadProcessMemory or WriteProcessMemory request was completed. (0x12B)
[1106/181157.909:ERROR:process_memory_win.cc(73)] ReadMemory at 0x153d066ec10 of 132 bytes failed: Only part of a ReadProcessMemory or WriteProcessMemory request was completed. (0x12B)
[1106/181157.909:ERROR:process_memory_win.cc(73)] ReadMemory at 0x153d066ee70 of 132 bytes failed: Only part of a ReadProcessMemory or WriteProcessMemory request was completed. (0x12B)
[1106/181157.909:ERROR:process_memory_win.cc(73)] ReadMemory at 0x153d066f200 of 132 bytes failed: Only part of a ReadProcessMemory or WriteProcessMemory request was completed. (0x12B)
[1106/181157.909:ERROR:process_memory_win.cc(73)] ReadMemory at 0x153d066f330 of 132 bytes failed: Only part of a ReadProcessMemory or WriteProcessMemory request was completed. (0x12B)
[1106/181157.909:ERROR:process_memory_win.cc(73)] ReadMemory at 0x153d066f460 of 132 bytes failed: Only part of a ReadProcessMemory or WriteProcessMemory request was completed. (0x12B)
[1106/181157.909:ERROR:process_memory_win.cc(73)] ReadMemory at 0x153d066f590 of 132 bytes failed: Only part of a ReadProcessMemory or WriteProcessMemory request was completed. (0x12B)
[1106/181157.909:ERROR:process_memory_win.cc(73)] ReadMemory at 0x153d066fa50 of 132 bytes failed: Only part of a ReadProcessMemory or WriteProcessMemory request was completed. (0x12B)
[1106/181157.909:ERROR:process_memory_win.cc(73)] ReadMemory at 0x153d06bbbb0 of 512 bytes failed: Only part of a ReadProcessMemory or WriteProcessMemory request was completed. (0x12B)
[1106/181157.909:ERROR:process_memory_win.cc(73)] ReadMemory at 0x153d06d2280 of 512 bytes failed: Only part of a ReadProcessMemory or WriteProcessMemory request was completed. (0x12B)
[1106/181157.909:ERROR:process_memory_win.cc(73)] ReadMemory at 0x153d06e27a0 of 512 bytes failed: Only part of a ReadProcessMemory or WriteProcessMemory request was completed. (0x12B)
[1106/181157.909:ERROR:process_memory_win.cc(73)] ReadMemory at 0x153d06ec3e0 of 512 bytes failed: Only part of a ReadProcessMemory or WriteProcessMemory request was completed. (0x12B)
[1106/181157.909:ERROR:process_memory_win.cc(73)] ReadMemory at 0x153d06ee4f0 of 712 bytes failed: Only part of a ReadProcessMemory or WriteProcessMemory request was completed. (0x12B)
[1106/181157.909:ERROR:process_memory_win.cc(73)] ReadMemory at 0x153d070ae40 of 512 bytes failed: Only part of a ReadProcessMemory or WriteProcessMemory request was completed. (0x12B)
[1106/181157.909:ERROR:process_memory_win.cc(73)] ReadMemory at 0x153d071f730 of 512 bytes failed: Only part of a ReadProcessMemory or WriteProcessMemory request was completed. (0x12B)
[1106/181157.909:ERROR:process_memory_win.cc(73)] ReadMemory at 0x153d0722bb0 of 512 bytes failed: Only part of a ReadProcessMemory or WriteProcessMemory request was completed. (0x12B)
[1106/181157.909:ERROR:process_memory_win.cc(73)] ReadMemory at 0x153d0738968 of 512 bytes failed: Only part of a ReadProcessMemory or WriteProcessMemory request was completed. (0x12B)
[1106/181157.909:ERROR:process_memory_win.cc(73)] ReadMemory at 0x153d07396e8 of 512 bytes failed: Only part of a ReadProcessMemory or WriteProcessMemory request was completed. (0x12B)
[1106/181157.909:ERROR:process_memory_win.cc(73)] ReadMemory at 0x153d0739fe8 of 512 bytes failed: Only part of a ReadProcessMemory or WriteProcessMemory request was completed. (0x12B)
[1106/181157.909:ERROR:process_memory_win.cc(73)] ReadMemory at 0x153d2011a20 of 512 bytes failed: Only part of a ReadProcessMemory or WriteProcessMemory request was completed. (0x12B)
[1106/181157.909:ERROR:process_memory_win.cc(73)] ReadMemory at 0x153d20168f6 of 892 bytes failed: Only part of a ReadProcessMemory or WriteProcessMemory request was completed. (0x12B)
[1106/181159.962:ERROR:scoped_process_suspend.cc(40)] NtResumeProcess: An attempt was made to access an exiting process. (0xc000010a)
[1106/212921.017:ERROR:process_reader_win.cc(151)] SuspendThread: Access is denied. (0x5)
[1106/212922.037:ERROR:process_reader_win.cc(151)] SuspendThread: Access is denied. (0x5)
[1106/212922.037:ERROR:process_reader_win.cc(151)] SuspendThread: Access is denied. (0x5)
[1106/212922.037:ERROR:process_reader_win.cc(151)] SuspendThread: Access is denied. (0x5)
[1106/212922.037:ERROR:process_reader_win.cc(151)] SuspendThread: Access is denied. (0x5)
[1106/212922.037:ERROR:process_reader_win.cc(151)] SuspendThread: Access is denied. (0x5)
[1106/212922.037:ERROR:process_reader_win.cc(151)] SuspendThread: Access is denied. (0x5)
[1106/212922.037:ERROR:process_reader_win.cc(151)] SuspendThread: Access is denied. (0x5)
[1106/212922.037:ERROR:process_reader_win.cc(151)] SuspendThread: Access is denied. (0x5)
[1106/212922.037:ERROR:process_reader_win.cc(151)] SuspendThread: Access is denied. (0x5)
[1106/212922.037:ERROR:process_reader_win.cc(151)] SuspendThread: Access is denied. (0x5)
[1106/212922.037:ERROR:process_reader_win.cc(151)] SuspendThread: Access is denied. (0x5)
[1106/212922.037:ERROR:process_reader_win.cc(151)] SuspendThread: Access is denied. (0x5)
[1106/212922.037:ERROR:process_reader_win.cc(151)] SuspendThread: Access is denied. (0x5)
[1106/212922.037:ERROR:process_reader_win.cc(123)] NtOpenThread: An invalid Client ID was specified. (0xc000000b)
[1106/212923.998:ERROR:exception_snapshot_win.cc(99)] thread ID 11384 not found in process
[1106/212925.645:ERROR:scoped_process_suspend.cc(40)] NtResumeProcess: An attempt was made to access an exiting process. (0xc000010a)
[1124/105203.754:ERROR:directory_reader_win.cc(43)] FindFirstFile: The system cannot find the path specified. (0x3)
[1204/112122.810:ERROR:directory_reader_win.cc(43)] FindFirstFile: The system cannot find the path specified. (0x3)
[1205/101905.238:ERROR:directory_reader_win.cc(43)] FindFirstFile: The system cannot find the path specified. (0x3)
[1207/143243.642:ERROR:directory_reader_win.cc(43)] FindFirstFile: The system cannot find the path specified. (0x3)
[1208/150206.771:ERROR:directory_reader_win.cc(43)] FindFirstFile: The system cannot find the path specified. (0x3)
[1209/151843.500:ERROR:directory_reader_win.cc(43)] FindFirstFile: The system cannot find the path specified. (0x3)
[1209/200226.315:ERROR:directory_reader_win.cc(43)] FindFirstFile: The system cannot find the path specified. (0x3)
[1231/185439.409:ERROR:directory_reader_win.cc(43)] FindFirstFile: The system cannot find the path specified. (0x3)
